[2023-05-28 01:54:54,267: INFO: main]: 
********************
[2023-05-28 01:54:54,267: INFO: main]: >>>>> stage Main Stage started <<<<<
[2023-05-28 01:54:58,813: INFO: stage_01_data_collection]: 
********************
[2023-05-28 01:54:58,813: INFO: stage_01_data_collection]: >>>>> stage Data Collection started <<<<<
[2023-05-28 01:54:58,813: INFO: common]: yaml file: configs/config.yaml loaded successfully
[2023-05-28 01:54:58,817: INFO: common]: created directory at: hymenoptera_data
[2023-05-28 01:54:58,817: INFO: Data_mgnt]: file is already present
[2023-05-28 01:54:58,817: INFO: Data_mgnt]: Data already extracted
[2023-05-28 01:54:58,817: INFO: stage_01_data_collection]: >>>>> stage Data Collection completed!<<<<<

[2023-05-28 01:55:06,129: INFO: stage_02_training]: 
********************
[2023-05-28 01:55:06,129: INFO: stage_02_training]: >>>>> stage Training started <<<<<
[2023-05-28 01:55:06,133: INFO: common]: yaml file: configs/config.yaml loaded successfully
[2023-05-28 01:55:06,154: INFO: stage_02_training]: Train images Transformed
[2023-05-28 01:55:06,154: INFO: stage_02_training]: Test images Transformed
[2023-05-28 01:55:06,154: INFO: stage_02_training]: Label_map is {'ants': 0, 'bees': 1}
[2023-05-28 01:55:08,301: INFO: stage_02_training]: AlexNet(
  (features): Sequential(
    (0): Conv2d(3, 64, kernel_size=(11, 11), stride=(4, 4), padding=(2, 2))
    (1): ReLU(inplace=True)
    (2): MaxPool2d(kernel_size=3, stride=2, padding=0, dilation=1, ceil_mode=False)
    (3): Conv2d(64, 192, kernel_size=(5, 5), stride=(1, 1), padding=(2, 2))
    (4): ReLU(inplace=True)
    (5): MaxPool2d(kernel_size=3, stride=2, padding=0, dilation=1, ceil_mode=False)
    (6): Conv2d(192, 384, kernel_size=(3, 3), stride=(1, 1), padding=(1, 1))
    (7): ReLU(inplace=True)
    (8): Conv2d(384, 256, kernel_size=(3, 3), stride=(1, 1), padding=(1, 1))
    (9): ReLU(inplace=True)
    (10): Conv2d(256, 256, kernel_size=(3, 3), stride=(1, 1), padding=(1, 1))
    (11): ReLU(inplace=True)
    (12): MaxPool2d(kernel_size=3, stride=2, padding=0, dilation=1, ceil_mode=False)
  )
  (avgpool): AdaptiveAvgPool2d(output_size=(6, 6))
  (classifier): Sequential(
    (0): Dropout(p=0.5, inplace=False)
    (1): Linear(in_features=9216, out_features=4096, bias=True)
    (2): ReLU(inplace=True)
    (3): Dropout(p=0.5, inplace=False)
    (4): Linear(in_features=4096, out_features=4096, bias=True)
    (5): ReLU(inplace=True)
    (6): Linear(in_features=4096, out_features=1000, bias=True)
  )
)
[2023-05-28 01:55:08,305: INFO: stage_02_training]: Parameters count after freezing parameters and before modifying Classifier Layer: {'trainable': 0, 'non-trainable': 61100840}
 Empty DataFrame
Columns: [Modules, parameters]
Index: []
[2023-05-28 01:55:08,341: INFO: stage_02_training]: Parameters count after modifying Classifier Layer: {'trainable': 921902, 'non-trainable': 2469696}
                Modules  parameters
0  classifier.0.weight      921600
1    classifier.0.bias         100
2  classifier.3.weight         200
3    classifier.3.bias           2
[2023-05-28 01:55:08,503: INFO: stage_02_training]: Model Device = cuda set
[2023-05-28 01:55:40,102: INFO: stage_02_training]: Training complete for 10 epochs and loss is 0.12568175792694092
[2023-05-28 01:55:40,107: INFO: common]: created directory at: hymenoptera_data\data\hymenoptera_data\models
[2023-05-28 01:55:40,183: INFO: stage_02_training]: Model saved at hymenoptera_data\data\hymenoptera_data\models\transfer-model.pth
[2023-05-28 01:55:40,187: INFO: stage_02_training]: >>>>> stage Training completed!<<<<<

[2023-05-28 01:55:54,111: INFO: stage_03_testing]: 
********************
[2023-05-28 01:55:54,111: INFO: stage_03_testing]: >>>>> stage Model Testing started <<<<<
[2023-05-28 01:55:54,119: INFO: common]: yaml file: configs/config.yaml loaded successfully
[2023-05-28 01:56:01,226: INFO: stage_03_testing]: Model evaluation done
[2023-05-28 01:56:01,230: INFO: stage_03_testing]: Confusion Matrix:
61	9
11	72
[2023-05-28 01:56:02,300: INFO: model_creation]: Actual Label:ants,pred label:ants
[2023-05-28 01:56:02,394: INFO: stage_03_testing]: >>>>> stage Model Testing completed!<<<<<

[2023-05-28 01:56:03,486: INFO: main]: >>>>> stage Main Stage completed!<<<<<

